2026-02-21 00:26:45.844 +06:00 [INF] Seed admin user credentials updated for: hikmahabroad@gmail.com
2026-02-21 00:26:46.213 +06:00 [INF] Seed data completed
2026-02-21 00:26:55.336 +06:00 [INF] HTTP GET /swagger responded 301 in 202.9191 ms
2026-02-21 00:26:55.403 +06:00 [INF] HTTP GET /swagger/index.html responded 200 in 52.3539 ms
2026-02-21 00:26:55.435 +06:00 [INF] HTTP GET /swagger/index.js responded 200 in 16.4361 ms
2026-02-21 00:26:55.684 +06:00 [INF] HTTP GET /swagger/v1/swagger.json responded 200 in 167.7940 ms
2026-02-21 00:27:34.124 +06:00 [INF] HTTP OPTIONS /api/v1/settings responded 204 in 2.4003 ms
2026-02-21 00:27:34.124 +06:00 [INF] HTTP OPTIONS /api/v1/universities responded 204 in 2.4003 ms
2026-02-21 00:27:34.124 +06:00 [INF] HTTP OPTIONS /api/v1/settings responded 204 in 2.0769 ms
2026-02-21 00:27:34.124 +06:00 [INF] HTTP OPTIONS /api/v1/settings responded 204 in 2.4005 ms
2026-02-21 00:27:34.125 +06:00 [INF] HTTP OPTIONS /api/v1/settings responded 204 in 0.2529 ms
2026-02-21 00:27:34.125 +06:00 [INF] HTTP OPTIONS /api/v1/universities responded 204 in 0.0883 ms
2026-02-21 00:27:34.247 +06:00 [INF] HTTP GET /api/v1/settings responded 200 in 115.4745 ms
2026-02-21 00:27:34.320 +06:00 [INF] HTTP GET /api/v1/settings responded 200 in 71.9196 ms
2026-02-21 00:27:34.375 +06:00 [INF] HTTP GET /api/v1/settings responded 200 in 53.2965 ms
2026-02-21 00:27:34.428 +06:00 [INF] HTTP GET /api/v1/settings responded 200 in 51.1781 ms
2026-02-21 00:27:34.530 +06:00 [INF] HTTP GET /api/v1/universities responded 200 in 398.6415 ms
2026-02-21 00:29:18.445 +06:00 [INF] HTTP OPTIONS /api/v1/courses responded 204 in 0.3655 ms
2026-02-21 00:29:18.445 +06:00 [INF] HTTP OPTIONS /api/v1/courses responded 204 in 0.6441 ms
2026-02-21 00:29:18.513 +06:00 [INF] HTTP GET /api/v1/courses responded 200 in 62.5169 ms
2026-02-21 00:29:19.168 +06:00 [INF] HTTP OPTIONS /api/v1/settings responded 204 in 0.6522 ms
2026-02-21 00:29:19.170 +06:00 [INF] HTTP OPTIONS /api/v1/universities responded 204 in 0.2665 ms
2026-02-21 00:29:19.170 +06:00 [INF] HTTP OPTIONS /api/v1/settings responded 204 in 0.0533 ms
2026-02-21 00:29:19.172 +06:00 [INF] HTTP OPTIONS /api/v1/universities responded 204 in 0.2010 ms
2026-02-21 00:29:19.237 +06:00 [INF] HTTP GET /api/v1/settings responded 200 in 52.9316 ms
2026-02-21 00:29:19.237 +06:00 [INF] HTTP GET /api/v1/universities responded 200 in 52.9314 ms
2026-02-21 00:29:19.294 +06:00 [INF] HTTP GET /api/v1/settings responded 200 in 54.1332 ms
2026-02-21 00:29:24.967 +06:00 [INF] HTTP OPTIONS /api/v1/universities responded 204 in 0.4074 ms
2026-02-21 00:29:24.967 +06:00 [INF] HTTP OPTIONS /api/v1/universities responded 204 in 0.1427 ms
2026-02-21 00:29:46.239 +06:00 [INF] HTTP OPTIONS /api/v1/courses responded 204 in 0.1708 ms
2026-02-21 00:29:46.239 +06:00 [INF] HTTP OPTIONS /api/v1/courses responded 204 in 0.0808 ms
2026-02-21 00:30:34.085 +06:00 [INF] HTTP OPTIONS /api/v1/settings responded 204 in 0.6019 ms
2026-02-21 00:30:34.085 +06:00 [INF] HTTP OPTIONS /api/v1/settings responded 204 in 0.0861 ms
2026-02-21 00:30:34.141 +06:00 [INF] HTTP GET /api/v1/settings responded 200 in 50.5676 ms
2026-02-21 00:30:34.191 +06:00 [INF] HTTP GET /api/v1/settings responded 200 in 49.7655 ms
2026-02-21 00:30:50.678 +06:00 [INF] HTTP OPTIONS /api/v1/settings responded 204 in 0.2677 ms
2026-02-21 00:30:50.678 +06:00 [INF] HTTP OPTIONS /api/v1/universities responded 204 in 0.0583 ms
2026-02-21 00:30:50.679 +06:00 [INF] HTTP OPTIONS /api/v1/settings responded 204 in 0.0538 ms
2026-02-21 00:30:50.679 +06:00 [INF] HTTP OPTIONS /api/v1/universities responded 204 in 0.0683 ms
2026-02-21 00:30:50.732 +06:00 [INF] HTTP GET /api/v1/settings responded 200 in 50.9927 ms
2026-02-21 00:30:50.732 +06:00 [INF] HTTP GET /api/v1/universities responded 200 in 50.1295 ms
2026-02-21 00:30:50.786 +06:00 [INF] HTTP GET /api/v1/settings responded 200 in 51.9439 ms
2026-02-21 00:31:39.605 +06:00 [INF] HTTP OPTIONS /api/v1/auth/login responded 204 in 0.1622 ms
2026-02-21 00:31:39.787 +06:00 [INF] Admin hikmahabroad@gmail.com logged in successfully
2026-02-21 00:31:40.164 +06:00 [INF] HTTP POST /api/v1/auth/login responded 200 in 555.1385 ms
2026-02-21 00:31:40.193 +06:00 [INF] HTTP OPTIONS /api/v1/universities/all responded 204 in 0.2312 ms
2026-02-21 00:31:40.193 +06:00 [INF] HTTP OPTIONS /api/v1/courses/all responded 204 in 0.0999 ms
2026-02-21 00:31:40.194 +06:00 [INF] HTTP OPTIONS /api/v1/students responded 204 in 0.0719 ms
2026-02-21 00:31:40.194 +06:00 [INF] HTTP OPTIONS /api/v1/students/contacts responded 204 in 0.0338 ms
2026-02-21 00:31:40.195 +06:00 [INF] HTTP OPTIONS /api/v1/universities/all responded 204 in 0.0510 ms
2026-02-21 00:31:40.195 +06:00 [INF] HTTP OPTIONS /api/v1/courses/all responded 204 in 0.0356 ms
2026-02-21 00:31:40.195 +06:00 [INF] HTTP OPTIONS /api/v1/students responded 204 in 0.0363 ms
2026-02-21 00:31:40.197 +06:00 [INF] HTTP OPTIONS /api/v1/students/contacts responded 204 in 0.0629 ms
2026-02-21 00:31:40.289 +06:00 [INF] HTTP GET /api/v1/courses/all responded 200 in 90.4610 ms
2026-02-21 00:31:40.289 +06:00 [INF] HTTP GET /api/v1/universities/all responded 200 in 91.6690 ms
2026-02-21 00:31:40.342 +06:00 [INF] HTTP GET /api/v1/courses/all responded 200 in 51.0479 ms
2026-02-21 00:31:40.342 +06:00 [INF] HTTP GET /api/v1/universities/all responded 200 in 51.2248 ms
2026-02-21 00:31:40.756 +06:00 [INF] HTTP GET /api/v1/students/contacts responded 200 in 554.0593 ms
2026-02-21 00:31:40.790 +06:00 [INF] HTTP GET /api/v1/students responded 200 in 589.9879 ms
2026-02-21 00:31:40.864 +06:00 [INF] HTTP GET /api/v1/students/contacts responded 200 in 107.1678 ms
2026-02-21 00:31:40.900 +06:00 [INF] HTTP GET /api/v1/students responded 200 in 108.1813 ms
2026-02-21 00:31:57.889 +06:00 [INF] HTTP OPTIONS /api/v1/students responded 204 in 0.1939 ms
2026-02-21 00:31:57.890 +06:00 [INF] HTTP OPTIONS /api/v1/students responded 204 in 0.1382 ms
2026-02-21 00:31:57.892 +06:00 [INF] HTTP OPTIONS /api/v1/students/contacts responded 204 in 0.1493 ms
2026-02-21 00:31:57.998 +06:00 [INF] HTTP GET /api/v1/students/contacts responded 200 in 102.7170 ms
2026-02-21 00:31:58.000 +06:00 [INF] HTTP GET /api/v1/students responded 200 in 106.0961 ms
2026-02-21 00:31:58.110 +06:00 [INF] HTTP GET /api/v1/students responded 200 in 109.7660 ms
2026-02-21 00:31:59.345 +06:00 [INF] HTTP OPTIONS /api/v1/students/contacts/69976cb8472973980cd4de75/status responded 204 in 0.0980 ms
2026-02-21 00:31:59.419 +06:00 [INF] HTTP PATCH /api/v1/students/contacts/69976cb8472973980cd4de75/status responded 404 in 71.4100 ms
2026-02-21 00:32:05.379 +06:00 [INF] HTTP OPTIONS /api/v1/students responded 204 in 0.2395 ms
2026-02-21 00:32:05.490 +06:00 [INF] HTTP GET /api/v1/students responded 200 in 107.0237 ms
2026-02-21 00:32:07.043 +06:00 [INF] HTTP OPTIONS /api/v1/students/contacts responded 204 in 0.0947 ms
2026-02-21 00:32:07.155 +06:00 [INF] HTTP GET /api/v1/students/contacts responded 200 in 108.7657 ms
2026-02-21 00:32:31.293 +06:00 [INF] HTTP OPTIONS /api/v1/settings responded 204 in 0.2576 ms
2026-02-21 00:32:31.293 +06:00 [INF] HTTP OPTIONS /api/v1/settings responded 204 in 0.0519 ms
2026-02-21 00:32:31.354 +06:00 [INF] HTTP GET /api/v1/settings responded 200 in 56.5637 ms
2026-02-21 00:32:31.410 +06:00 [INF] HTTP GET /api/v1/settings responded 200 in 54.3981 ms
2026-02-21 00:32:33.257 +06:00 [INF] HTTP GET /api/v1/settings responded 200 in 53.6201 ms
2026-02-21 00:32:33.313 +06:00 [INF] HTTP GET /api/v1/settings responded 200 in 54.1094 ms
2026-02-21 00:32:49.973 +06:00 [INF] HTTP OPTIONS /api/v1/students responded 204 in 0.1311 ms
2026-02-21 00:32:50.116 +06:00 [INF] Contact message submitted: 6998a8d2c5165349f7699b24
2026-02-21 00:32:50.117 +06:00 [INF] Contact submitted: 6998a8d2c5165349f7699b24. DraftToken: 8b1f69beb3c148c691b670f9bf33a050
2026-02-21 00:32:50.119 +06:00 [INF] HTTP POST /api/v1/students responded 200 in 141.5789 ms
2026-02-21 00:32:58.276 +06:00 [INF] HTTP OPTIONS /api/v1/auth/login responded 204 in 0.0867 ms
2026-02-21 00:32:58.440 +06:00 [INF] Admin hikmahabroad@gmail.com logged in successfully
2026-02-21 00:32:58.442 +06:00 [INF] HTTP POST /api/v1/auth/login responded 200 in 163.1029 ms
2026-02-21 00:32:58.460 +06:00 [INF] HTTP OPTIONS /api/v1/universities/all responded 204 in 0.1082 ms
2026-02-21 00:32:58.460 +06:00 [INF] HTTP OPTIONS /api/v1/courses/all responded 204 in 0.0384 ms
2026-02-21 00:32:58.461 +06:00 [INF] HTTP OPTIONS /api/v1/students responded 204 in 0.0642 ms
2026-02-21 00:32:58.461 +06:00 [INF] HTTP OPTIONS /api/v1/students/contacts responded 204 in 0.0502 ms
2026-02-21 00:32:58.461 +06:00 [INF] HTTP OPTIONS /api/v1/universities/all responded 204 in 0.0897 ms
2026-02-21 00:32:58.461 +06:00 [INF] HTTP OPTIONS /api/v1/courses/all responded 204 in 0.0398 ms
2026-02-21 00:32:58.463 +06:00 [INF] HTTP OPTIONS /api/v1/students responded 204 in 0.1608 ms
2026-02-21 00:32:58.465 +06:00 [INF] HTTP OPTIONS /api/v1/students/contacts responded 204 in 0.1027 ms
2026-02-21 00:32:58.521 +06:00 [INF] HTTP GET /api/v1/universities/all responded 200 in 54.6979 ms
2026-02-21 00:32:58.521 +06:00 [INF] HTTP GET /api/v1/courses/all responded 200 in 52.8105 ms
2026-02-21 00:32:58.572 +06:00 [INF] HTTP GET /api/v1/universities/all responded 200 in 50.9117 ms
2026-02-21 00:32:58.572 +06:00 [INF] HTTP GET /api/v1/students responded 200 in 102.1461 ms
2026-02-21 00:32:58.573 +06:00 [INF] HTTP GET /api/v1/students/contacts responded 200 in 100.2479 ms
2026-02-21 00:32:58.577 +06:00 [INF] HTTP GET /api/v1/courses/all responded 200 in 54.6895 ms
2026-02-21 00:32:58.679 +06:00 [INF] HTTP GET /api/v1/students responded 200 in 105.2170 ms
2026-02-21 00:32:58.681 +06:00 [INF] HTTP GET /api/v1/students/contacts responded 200 in 107.3284 ms
2026-02-21 00:33:01.520 +06:00 [INF] HTTP OPTIONS /api/v1/students responded 204 in 0.1864 ms
2026-02-21 00:33:01.521 +06:00 [INF] HTTP OPTIONS /api/v1/students responded 204 in 0.1028 ms
2026-02-21 00:33:01.522 +06:00 [INF] HTTP OPTIONS /api/v1/students/contacts responded 204 in 0.0948 ms
2026-02-21 00:33:01.642 +06:00 [INF] HTTP GET /api/v1/students/contacts responded 200 in 115.1297 ms
2026-02-21 00:33:01.644 +06:00 [INF] HTTP GET /api/v1/students responded 200 in 117.6076 ms
2026-02-21 00:33:01.745 +06:00 [INF] HTTP GET /api/v1/students responded 200 in 99.3569 ms
2026-02-21 00:33:03.694 +06:00 [INF] HTTP GET /api/v1/students responded 200 in 103.6858 ms
2026-02-21 00:33:04.315 +06:00 [INF] HTTP GET /api/v1/students/contacts responded 200 in 101.3681 ms
2026-02-21 00:33:05.195 +06:00 [INF] HTTP OPTIONS /api/v1/students/contacts/6998a8d2c5165349f7699b24/status responded 204 in 0.0809 ms
2026-02-21 00:33:05.302 +06:00 [INF] HTTP PATCH /api/v1/students/contacts/6998a8d2c5165349f7699b24/status responded 200 in 105.7801 ms
2026-02-21 00:33:05.410 +06:00 [INF] HTTP GET /api/v1/students/contacts responded 200 in 102.7581 ms
2026-02-21 00:33:21.476 +06:00 [INF] HTTP OPTIONS /api/v1/students/contacts/6998a8d2c5165349f7699b24/status responded 204 in 0.0599 ms
2026-02-21 00:33:21.581 +06:00 [INF] HTTP PATCH /api/v1/students/contacts/6998a8d2c5165349f7699b24/status responded 200 in 103.6003 ms
2026-02-21 00:33:21.585 +06:00 [INF] HTTP OPTIONS /api/v1/students/contacts responded 204 in 0.0740 ms
2026-02-21 00:33:21.689 +06:00 [INF] HTTP GET /api/v1/students/contacts responded 200 in 102.4373 ms
2026-02-21 00:33:28.102 +06:00 [INF] HTTP OPTIONS /api/v1/settings responded 204 in 0.0972 ms
2026-02-21 00:33:28.102 +06:00 [INF] HTTP OPTIONS /api/v1/settings responded 204 in 0.0693 ms
2026-02-21 00:33:28.157 +06:00 [INF] HTTP GET /api/v1/settings responded 200 in 50.9365 ms
2026-02-21 00:33:28.208 +06:00 [INF] HTTP GET /api/v1/settings responded 200 in 49.7595 ms
2026-02-21 00:34:53.140 +06:00 [INF] HTTP OPTIONS /api/v1/courses/all responded 204 in 0.2110 ms
2026-02-21 00:34:53.141 +06:00 [INF] HTTP OPTIONS /api/v1/universities/all responded 204 in 0.0787 ms
2026-02-21 00:34:53.142 +06:00 [INF] HTTP OPTIONS /api/v1/courses/all responded 204 in 0.0820 ms
2026-02-21 00:34:53.143 +06:00 [INF] HTTP OPTIONS /api/v1/universities/all responded 204 in 0.0220 ms
2026-02-21 00:34:53.196 +06:00 [INF] HTTP GET /api/v1/courses/all responded 200 in 52.4871 ms
2026-02-21 00:34:53.198 +06:00 [INF] HTTP GET /api/v1/universities/all responded 200 in 52.7697 ms
2026-02-21 00:34:53.250 +06:00 [INF] HTTP GET /api/v1/universities/all responded 200 in 51.2461 ms
2026-02-21 00:34:53.250 +06:00 [INF] HTTP GET /api/v1/courses/all responded 200 in 53.0238 ms
2026-02-21 00:35:03.357 +06:00 [INF] HTTP OPTIONS /api/v1/settings responded 204 in 0.0932 ms
2026-02-21 00:35:03.358 +06:00 [INF] HTTP OPTIONS /api/v1/settings responded 204 in 0.0461 ms
2026-02-21 00:35:03.410 +06:00 [INF] HTTP GET /api/v1/settings responded 200 in 49.9721 ms
2026-02-21 00:35:03.462 +06:00 [INF] HTTP GET /api/v1/settings responded 200 in 50.3421 ms
2026-02-21 00:35:13.956 +06:00 [INF] HTTP OPTIONS /api/v1/settings responded 204 in 0.1775 ms
2026-02-21 00:35:14.084 +06:00 [INF] HTTP PUT /api/v1/settings responded 200 in 124.9516 ms
2026-02-21 00:35:17.387 +06:00 [INF] HTTP OPTIONS /api/v1/students responded 204 in 0.1136 ms
2026-02-21 00:35:17.388 +06:00 [INF] HTTP OPTIONS /api/v1/students responded 204 in 0.0983 ms
2026-02-21 00:35:17.492 +06:00 [INF] HTTP GET /api/v1/students responded 200 in 101.4834 ms
2026-02-21 00:35:17.594 +06:00 [INF] HTTP GET /api/v1/students responded 200 in 101.1759 ms
2026-02-21 00:35:20.117 +06:00 [INF] HTTP OPTIONS /api/v1/students/contacts responded 204 in 0.0821 ms
2026-02-21 00:35:20.221 +06:00 [INF] HTTP GET /api/v1/students/contacts responded 200 in 102.2616 ms
2026-02-21 00:35:22.073 +06:00 [INF] HTTP OPTIONS /api/v1/blogs/all responded 204 in 0.0675 ms
2026-02-21 00:35:22.073 +06:00 [INF] HTTP OPTIONS /api/v1/blogs/all responded 204 in 0.0319 ms
2026-02-21 00:35:22.140 +06:00 [INF] HTTP GET /api/v1/blogs/all responded 200 in 63.7315 ms
2026-02-21 00:35:22.190 +06:00 [INF] HTTP GET /api/v1/blogs/all responded 200 in 49.2080 ms
2026-02-21 00:35:30.059 +06:00 [INF] HTTP OPTIONS /api/v1/services/all responded 204 in 0.1167 ms
2026-02-21 00:35:30.061 +06:00 [INF] HTTP OPTIONS /api/v1/services/all responded 204 in 0.0775 ms
2026-02-21 00:35:30.124 +06:00 [INF] HTTP GET /api/v1/services/all responded 200 in 58.4056 ms
2026-02-21 00:35:30.177 +06:00 [INF] HTTP GET /api/v1/services/all responded 200 in 51.8881 ms
2026-02-21 00:35:37.923 +06:00 [INF] HTTP OPTIONS /api/v1/courses/all responded 204 in 0.0824 ms
2026-02-21 00:35:37.923 +06:00 [INF] HTTP OPTIONS /api/v1/universities/all responded 204 in 0.0519 ms
2026-02-21 00:35:37.924 +06:00 [INF] HTTP OPTIONS /api/v1/courses/all responded 204 in 0.0532 ms
2026-02-21 00:35:37.924 +06:00 [INF] HTTP OPTIONS /api/v1/universities/all responded 204 in 0.0441 ms
2026-02-21 00:35:37.977 +06:00 [INF] HTTP GET /api/v1/courses/all responded 200 in 50.0249 ms
2026-02-21 00:35:37.979 +06:00 [INF] HTTP GET /api/v1/universities/all responded 200 in 50.7886 ms
2026-02-21 00:35:38.029 +06:00 [INF] HTTP GET /api/v1/universities/all responded 200 in 49.3923 ms
2026-02-21 00:35:38.029 +06:00 [INF] HTTP GET /api/v1/courses/all responded 200 in 50.5852 ms
2026-02-21 00:35:42.199 +06:00 [INF] HTTP GET /api/v1/universities/all responded 200 in 51.1968 ms
2026-02-21 00:35:42.252 +06:00 [INF] HTTP GET /api/v1/universities/all responded 200 in 51.9535 ms
2026-02-21 00:35:44.438 +06:00 [INF] HTTP OPTIONS /api/v1/universities/all responded 204 in 0.1672 ms
2026-02-21 00:35:44.439 +06:00 [INF] HTTP OPTIONS /api/v1/courses/all responded 204 in 0.0494 ms
2026-02-21 00:35:44.440 +06:00 [INF] HTTP OPTIONS /api/v1/students responded 204 in 0.0429 ms
2026-02-21 00:35:44.440 +06:00 [INF] HTTP OPTIONS /api/v1/students/contacts responded 204 in 0.0220 ms
2026-02-21 00:35:44.443 +06:00 [INF] HTTP OPTIONS /api/v1/universities/all responded 204 in 0.1475 ms
2026-02-21 00:35:44.444 +06:00 [INF] HTTP OPTIONS /api/v1/courses/all responded 204 in 0.0772 ms
2026-02-21 00:35:44.444 +06:00 [INF] HTTP OPTIONS /api/v1/students responded 204 in 0.0446 ms
2026-02-21 00:35:44.447 +06:00 [INF] HTTP OPTIONS /api/v1/students/contacts responded 204 in 0.1719 ms
2026-02-21 00:35:44.501 +06:00 [INF] HTTP GET /api/v1/universities/all responded 200 in 50.5702 ms
2026-02-21 00:35:44.502 +06:00 [INF] HTTP GET /api/v1/courses/all responded 200 in 50.7216 ms
2026-02-21 00:35:44.552 +06:00 [INF] HTTP GET /api/v1/students responded 200 in 100.6922 ms
2026-02-21 00:35:44.552 +06:00 [INF] HTTP GET /api/v1/courses/all responded 200 in 49.1197 ms
2026-02-21 00:35:44.554 +06:00 [INF] HTTP GET /api/v1/universities/all responded 200 in 51.7804 ms
2026-02-21 00:35:44.556 +06:00 [INF] HTTP GET /api/v1/students/contacts responded 200 in 104.3073 ms
2026-02-21 00:35:44.653 +06:00 [INF] HTTP GET /api/v1/students responded 200 in 100.6671 ms
2026-02-21 00:35:44.663 +06:00 [INF] HTTP GET /api/v1/students/contacts responded 200 in 106.2090 ms
2026-02-21 00:36:00.866 +06:00 [INF] HTTP OPTIONS /api/v1/settings responded 204 in 0.1324 ms
2026-02-21 00:36:00.868 +06:00 [INF] HTTP OPTIONS /api/v1/settings responded 204 in 0.0939 ms
2026-02-21 00:36:00.925 +06:00 [INF] HTTP GET /api/v1/settings responded 200 in 54.6760 ms
2026-02-21 00:36:00.983 +06:00 [INF] HTTP GET /api/v1/settings responded 200 in 55.8340 ms
2026-02-21 00:36:02.797 +06:00 [INF] HTTP OPTIONS /api/v1/universities responded 204 in 0.1110 ms
2026-02-21 00:36:02.799 +06:00 [INF] HTTP OPTIONS /api/v1/universities responded 204 in 0.0618 ms
2026-02-21 00:36:02.850 +06:00 [INF] HTTP GET /api/v1/universities responded 200 in 49.7092 ms
2026-02-21 00:36:02.852 +06:00 [INF] HTTP GET /api/v1/settings responded 200 in 54.5861 ms
2026-02-21 00:36:02.909 +06:00 [INF] HTTP GET /api/v1/settings responded 200 in 54.8603 ms
2026-02-21 00:36:39.514 +06:00 [INF] HTTP OPTIONS /api/v1/universities responded 204 in 0.0993 ms
2026-02-21 00:36:39.515 +06:00 [INF] HTTP OPTIONS /api/v1/universities responded 204 in 0.0403 ms
2026-02-21 00:36:46.697 +06:00 [INF] HTTP OPTIONS /api/v1/courses responded 204 in 0.1372 ms
2026-02-21 00:36:46.697 +06:00 [INF] HTTP OPTIONS /api/v1/courses responded 204 in 0.0606 ms
2026-02-21 00:36:46.753 +06:00 [INF] HTTP GET /api/v1/courses responded 200 in 53.1253 ms
2026-02-21 00:37:12.836 +06:00 [INF] HTTP OPTIONS /api/v1/settings responded 204 in 0.1943 ms
2026-02-21 00:37:12.838 +06:00 [INF] HTTP OPTIONS /api/v1/universities responded 204 in 0.0531 ms
2026-02-21 00:37:12.840 +06:00 [INF] HTTP OPTIONS /api/v1/settings responded 204 in 0.0536 ms
2026-02-21 00:37:12.840 +06:00 [INF] HTTP OPTIONS /api/v1/universities responded 204 in 0.0255 ms
2026-02-21 00:37:12.891 +06:00 [INF] HTTP GET /api/v1/universities responded 200 in 49.5639 ms
2026-02-21 00:37:12.894 +06:00 [INF] HTTP GET /api/v1/settings responded 200 in 52.9813 ms
2026-02-21 00:37:12.948 +06:00 [INF] HTTP GET /api/v1/settings responded 200 in 53.6986 ms
2026-02-21 00:37:38.581 +06:00 [INF] HTTP OPTIONS /api/v1/auth/login responded 204 in 0.0903 ms
2026-02-21 00:37:38.742 +06:00 [INF] Admin hikmahabroad@gmail.com logged in successfully
2026-02-21 00:37:38.743 +06:00 [INF] HTTP POST /api/v1/auth/login responded 200 in 159.7917 ms
2026-02-21 00:37:38.786 +06:00 [INF] HTTP OPTIONS /api/v1/universities/all responded 204 in 0.3430 ms
2026-02-21 00:37:38.787 +06:00 [INF] HTTP OPTIONS /api/v1/courses/all responded 204 in 0.0850 ms
2026-02-21 00:37:38.788 +06:00 [INF] HTTP OPTIONS /api/v1/students responded 204 in 0.0757 ms
2026-02-21 00:37:38.788 +06:00 [INF] HTTP OPTIONS /api/v1/students/contacts responded 204 in 0.0600 ms
2026-02-21 00:37:38.789 +06:00 [INF] HTTP OPTIONS /api/v1/universities/all responded 204 in 0.0533 ms
2026-02-21 00:37:38.791 +06:00 [INF] HTTP OPTIONS /api/v1/courses/all responded 204 in 0.0988 ms
2026-02-21 00:37:38.795 +06:00 [INF] HTTP OPTIONS /api/v1/students responded 204 in 0.1363 ms
2026-02-21 00:37:38.795 +06:00 [INF] HTTP OPTIONS /api/v1/students/contacts responded 204 in 0.0707 ms
2026-02-21 00:37:38.850 +06:00 [INF] HTTP GET /api/v1/courses/all responded 200 in 50.4191 ms
2026-02-21 00:37:38.865 +06:00 [INF] HTTP GET /api/v1/universities/all responded 200 in 67.9388 ms
2026-02-21 00:37:38.902 +06:00 [INF] HTTP GET /api/v1/courses/all responded 200 in 50.4814 ms
2026-02-21 00:37:38.902 +06:00 [INF] HTTP GET /api/v1/students/contacts responded 200 in 98.8343 ms
2026-02-21 00:37:38.903 +06:00 [INF] HTTP GET /api/v1/students responded 200 in 100.4936 ms
2026-02-21 00:37:38.920 +06:00 [INF] HTTP GET /api/v1/universities/all responded 200 in 54.0920 ms
2026-02-21 00:37:39.003 +06:00 [INF] HTTP GET /api/v1/students responded 200 in 98.8006 ms
2026-02-21 00:37:39.003 +06:00 [INF] HTTP GET /api/v1/students/contacts responded 200 in 100.2330 ms
2026-02-21 00:37:46.016 +06:00 [INF] HTTP OPTIONS /api/v1/universities/all responded 204 in 0.0652 ms
2026-02-21 00:37:46.016 +06:00 [INF] HTTP OPTIONS /api/v1/universities/all responded 204 in 0.0163 ms
2026-02-21 00:37:46.070 +06:00 [INF] HTTP GET /api/v1/universities/all responded 200 in 51.7686 ms
2026-02-21 00:37:46.127 +06:00 [INF] HTTP GET /api/v1/universities/all responded 200 in 55.1094 ms
2026-02-21 00:37:51.021 +06:00 [INF] HTTP OPTIONS /api/v1/blogs/all responded 204 in 0.0788 ms
2026-02-21 00:37:51.022 +06:00 [INF] HTTP OPTIONS /api/v1/blogs/all responded 204 in 0.0421 ms
2026-02-21 00:37:51.077 +06:00 [INF] HTTP GET /api/v1/blogs/all responded 200 in 53.2121 ms
2026-02-21 00:37:51.129 +06:00 [INF] HTTP GET /api/v1/blogs/all responded 200 in 50.5094 ms
2026-02-21 00:37:52.788 +06:00 [INF] HTTP OPTIONS /api/v1/settings responded 204 in 0.0757 ms
2026-02-21 00:37:52.788 +06:00 [INF] HTTP OPTIONS /api/v1/settings responded 204 in 0.0391 ms
2026-02-21 00:37:52.844 +06:00 [INF] HTTP GET /api/v1/settings responded 200 in 53.0968 ms
2026-02-21 00:37:52.898 +06:00 [INF] HTTP GET /api/v1/settings responded 200 in 52.1648 ms
2026-02-21 00:37:57.216 +06:00 [INF] HTTP OPTIONS /api/v1/students responded 204 in 0.0632 ms
2026-02-21 00:37:57.217 +06:00 [INF] HTTP OPTIONS /api/v1/students responded 204 in 0.0480 ms
2026-02-21 00:37:57.319 +06:00 [INF] HTTP GET /api/v1/students responded 200 in 101.0022 ms
2026-02-21 00:37:57.422 +06:00 [INF] HTTP GET /api/v1/students responded 200 in 101.1383 ms
2026-02-21 00:37:59.348 +06:00 [INF] HTTP OPTIONS /api/v1/universities/all responded 204 in 0.0637 ms
2026-02-21 00:37:59.349 +06:00 [INF] HTTP OPTIONS /api/v1/courses/all responded 204 in 0.0397 ms
2026-02-21 00:37:59.350 +06:00 [INF] HTTP OPTIONS /api/v1/students responded 204 in 0.0468 ms
2026-02-21 00:37:59.351 +06:00 [INF] HTTP OPTIONS /api/v1/students/contacts responded 204 in 0.0610 ms
2026-02-21 00:37:59.352 +06:00 [INF] HTTP OPTIONS /api/v1/universities/all responded 204 in 0.0282 ms
2026-02-21 00:37:59.353 +06:00 [INF] HTTP OPTIONS /api/v1/courses/all responded 204 in 0.0304 ms
2026-02-21 00:37:59.353 +06:00 [INF] HTTP OPTIONS /api/v1/students responded 204 in 0.0221 ms
2026-02-21 00:37:59.353 +06:00 [INF] HTTP OPTIONS /api/v1/students/contacts responded 204 in 0.0206 ms
2026-02-21 00:37:59.403 +06:00 [INF] HTTP GET /api/v1/courses/all responded 200 in 49.1450 ms
2026-02-21 00:37:59.404 +06:00 [INF] HTTP GET /api/v1/universities/all responded 200 in 50.5302 ms
2026-02-21 00:37:59.454 +06:00 [INF] HTTP GET /api/v1/universities/all responded 200 in 48.8391 ms
2026-02-21 00:37:59.454 +06:00 [INF] HTTP GET /api/v1/students/contacts responded 200 in 98.2242 ms
2026-02-21 00:37:59.455 +06:00 [INF] HTTP GET /api/v1/courses/all responded 200 in 50.8780 ms
2026-02-21 00:37:59.459 +06:00 [INF] HTTP GET /api/v1/students responded 200 in 103.7923 ms
2026-02-21 00:37:59.557 +06:00 [INF] HTTP GET /api/v1/students/contacts responded 200 in 102.1359 ms
2026-02-21 00:37:59.566 +06:00 [INF] HTTP GET /api/v1/students responded 200 in 105.9732 ms
2026-02-21 00:38:02.237 +06:00 [INF] HTTP OPTIONS /api/v1/services/all responded 204 in 0.0835 ms
2026-02-21 00:38:02.237 +06:00 [INF] HTTP OPTIONS /api/v1/services/all responded 204 in 0.0246 ms
2026-02-21 00:38:02.294 +06:00 [INF] HTTP GET /api/v1/services/all responded 200 in 54.4029 ms
2026-02-21 00:38:02.349 +06:00 [INF] HTTP GET /api/v1/services/all responded 200 in 54.1511 ms
2026-02-21 00:38:08.880 +06:00 [INF] HTTP OPTIONS /api/v1/settings responded 204 in 0.1469 ms
2026-02-21 00:38:08.880 +06:00 [INF] HTTP OPTIONS /api/v1/settings responded 204 in 0.0408 ms
2026-02-21 00:38:08.936 +06:00 [INF] HTTP GET /api/v1/settings responded 200 in 54.0716 ms
2026-02-21 00:38:08.991 +06:00 [INF] HTTP GET /api/v1/settings responded 200 in 53.1433 ms
2026-02-21 00:38:10.684 +06:00 [INF] HTTP OPTIONS /api/v1/universities responded 204 in 0.1241 ms
2026-02-21 00:38:10.685 +06:00 [INF] HTTP OPTIONS /api/v1/universities responded 204 in 0.1041 ms
2026-02-21 00:38:10.736 +06:00 [INF] HTTP GET /api/v1/settings responded 200 in 54.0921 ms
2026-02-21 00:38:10.791 +06:00 [INF] HTTP GET /api/v1/settings responded 200 in 53.7725 ms
2026-02-21 00:45:44.809 +06:00 [INF] HTTP OPTIONS /api/v1/universities responded 204 in 0.2090 ms
2026-02-21 00:45:44.810 +06:00 [INF] HTTP OPTIONS /api/v1/universities responded 204 in 0.0603 ms
2026-02-21 00:45:44.868 +06:00 [INF] HTTP GET /api/v1/universities responded 200 in 51.0935 ms
2026-02-21 00:45:46.145 +06:00 [INF] HTTP OPTIONS /api/v1/settings responded 204 in 0.0960 ms
2026-02-21 00:45:46.146 +06:00 [INF] HTTP OPTIONS /api/v1/settings responded 204 in 0.0603 ms
2026-02-21 00:45:46.201 +06:00 [INF] HTTP GET /api/v1/settings responded 200 in 51.8881 ms
2026-02-21 00:45:46.255 +06:00 [INF] HTTP GET /api/v1/settings responded 200 in 51.2169 ms
2026-02-21 00:46:36.465 +06:00 [INF] HTTP OPTIONS /api/v1/settings responded 204 in 0.1926 ms
2026-02-21 00:46:36.469 +06:00 [INF] HTTP OPTIONS /api/v1/settings responded 204 in 0.1685 ms
2026-02-21 00:46:36.526 +06:00 [INF] HTTP GET /api/v1/settings responded 200 in 51.1210 ms
2026-02-21 00:46:36.579 +06:00 [INF] HTTP GET /api/v1/settings responded 200 in 51.1864 ms
2026-02-21 01:00:49.736 +06:00 [INF] HTTP OPTIONS /api/v1/settings responded 204 in 0.1062 ms
2026-02-21 01:00:49.737 +06:00 [INF] HTTP OPTIONS /api/v1/universities responded 204 in 0.0829 ms
2026-02-21 01:00:49.740 +06:00 [INF] HTTP OPTIONS /api/v1/settings responded 204 in 0.0555 ms
2026-02-21 01:00:49.741 +06:00 [INF] HTTP OPTIONS /api/v1/universities responded 204 in 0.0504 ms
2026-02-21 01:00:50.137 +06:00 [INF] HTTP GET /api/v1/settings responded 200 in 395.0011 ms
2026-02-21 01:00:50.183 +06:00 [INF] HTTP GET /api/v1/universities responded 200 in 441.4311 ms
2026-02-21 01:00:50.189 +06:00 [INF] HTTP GET /api/v1/settings responded 200 in 50.0146 ms
2026-02-21 01:45:27.744 +06:00 [INF] Seed admin user credentials updated for: hikmahabroad@gmail.com
2026-02-21 01:45:28.107 +06:00 [INF] Seed data completed
2026-02-21 01:46:59.079 +06:00 [INF] HTTP OPTIONS /api/v1/settings responded 204 in 14.8162 ms
2026-02-21 01:46:59.079 +06:00 [INF] HTTP OPTIONS /api/v1/settings responded 204 in 14.8022 ms
2026-02-21 01:46:59.228 +06:00 [INF] HTTP GET /api/v1/settings responded 200 in 136.3362 ms
2026-02-21 01:46:59.300 +06:00 [INF] HTTP GET /api/v1/settings responded 200 in 72.5992 ms
2026-02-21 01:47:18.142 +06:00 [INF] HTTP OPTIONS /api/v1/courses responded 204 in 0.2280 ms
2026-02-21 01:47:18.142 +06:00 [INF] HTTP OPTIONS /api/v1/courses responded 204 in 0.4680 ms
2026-02-21 01:47:18.215 +06:00 [INF] HTTP GET /api/v1/courses responded 200 in 67.8909 ms
2026-02-21 01:47:22.917 +06:00 [INF] HTTP OPTIONS /api/v1/universities responded 204 in 0.1396 ms
2026-02-21 01:47:22.917 +06:00 [INF] HTTP OPTIONS /api/v1/universities responded 204 in 0.3066 ms
2026-02-21 01:47:22.976 +06:00 [INF] HTTP GET /api/v1/universities responded 200 in 55.2885 ms
2026-02-21 01:47:28.281 +06:00 [INF] HTTP OPTIONS /api/v1/settings responded 204 in 0.3890 ms
2026-02-21 01:47:28.281 +06:00 [INF] HTTP OPTIONS /api/v1/universities responded 204 in 0.2917 ms
2026-02-21 01:47:28.283 +06:00 [INF] HTTP OPTIONS /api/v1/settings responded 204 in 0.4560 ms
2026-02-21 01:47:28.284 +06:00 [INF] HTTP OPTIONS /api/v1/universities responded 204 in 0.0927 ms
2026-02-21 01:47:28.337 +06:00 [INF] HTTP GET /api/v1/settings responded 200 in 52.3316 ms
2026-02-21 01:47:28.392 +06:00 [INF] HTTP GET /api/v1/settings responded 200 in 53.8706 ms
2026-02-21 01:47:44.800 +06:00 [INF] HTTP OPTIONS /api/v1/settings responded 204 in 0.2548 ms
2026-02-21 01:47:44.808 +06:00 [INF] HTTP OPTIONS /api/v1/universities responded 204 in 0.5554 ms
2026-02-21 01:47:44.822 +06:00 [INF] HTTP OPTIONS /api/v1/settings responded 204 in 0.4976 ms
2026-02-21 01:47:44.837 +06:00 [INF] HTTP OPTIONS /api/v1/settings responded 204 in 0.4123 ms
2026-02-21 01:47:44.849 +06:00 [INF] HTTP OPTIONS /api/v1/universities responded 204 in 0.2563 ms
2026-02-21 01:47:44.860 +06:00 [INF] HTTP OPTIONS /api/v1/settings responded 204 in 0.5974 ms
2026-02-21 01:47:47.966 +06:00 [INF] HTTP GET /swagger/v1/swagger.json responded 200 in 127.9083 ms
2026-02-21 01:49:10.261 +06:00 [INF] HTTP OPTIONS /api/v1/auth/login responded 204 in 0.2503 ms
2026-02-21 01:49:10.447 +06:00 [INF] Admin hikmahabroad@gmail.com logged in successfully
2026-02-21 01:49:10.458 +06:00 [INF] HTTP POST /api/v1/auth/login responded 200 in 193.2777 ms
2026-02-21 01:49:10.496 +06:00 [INF] HTTP OPTIONS /api/v1/universities/all responded 204 in 0.5473 ms
2026-02-21 01:49:10.498 +06:00 [INF] HTTP OPTIONS /api/v1/courses/all responded 204 in 0.2930 ms
2026-02-21 01:49:10.498 +06:00 [INF] HTTP OPTIONS /api/v1/students responded 204 in 0.1167 ms
2026-02-21 01:49:10.500 +06:00 [INF] HTTP OPTIONS /api/v1/universities/all responded 204 in 0.1891 ms
2026-02-21 01:49:10.500 +06:00 [INF] HTTP OPTIONS /api/v1/students/contacts responded 204 in 0.0688 ms
2026-02-21 01:49:10.503 +06:00 [INF] HTTP OPTIONS /api/v1/courses/all responded 204 in 0.1875 ms
2026-02-21 01:49:10.504 +06:00 [INF] HTTP OPTIONS /api/v1/students responded 204 in 0.1832 ms
2026-02-21 01:49:10.508 +06:00 [INF] HTTP OPTIONS /api/v1/students/contacts responded 204 in 0.3183 ms
2026-02-21 01:49:10.596 +06:00 [INF] HTTP GET /api/v1/courses/all responded 200 in 84.2319 ms
2026-02-21 01:49:10.698 +06:00 [INF] HTTP GET /api/v1/courses/all responded 200 in 99.2060 ms
2026-02-21 01:49:10.781 +06:00 [INF] HTTP GET /api/v1/students/contacts responded 200 in 268.0019 ms
2026-02-21 01:49:10.884 +06:00 [INF] HTTP GET /api/v1/students/contacts responded 200 in 102.4276 ms
2026-02-21 01:49:11.013 +06:00 [INF] HTTP GET /api/v1/universities/all responded 200 in 503.8638 ms
2026-02-21 01:49:11.068 +06:00 [INF] HTTP GET /api/v1/universities/all responded 200 in 52.8944 ms
2026-02-21 01:49:11.083 +06:00 [INF] HTTP GET /api/v1/students responded 200 in 570.5620 ms
2026-02-21 01:49:11.188 +06:00 [INF] HTTP GET /api/v1/students responded 200 in 102.6127 ms
2026-02-21 01:49:16.927 +06:00 [INF] HTTP OPTIONS /api/v1/settings responded 204 in 0.2143 ms
2026-02-21 01:49:16.930 +06:00 [INF] HTTP OPTIONS /api/v1/settings responded 204 in 0.1620 ms
2026-02-21 01:49:16.996 +06:00 [INF] HTTP GET /api/v1/settings responded 200 in 63.5611 ms
2026-02-21 01:49:17.058 +06:00 [INF] HTTP GET /api/v1/settings responded 200 in 60.8960 ms
2026-02-21 01:49:25.055 +06:00 [INF] HTTP OPTIONS /api/v1/settings responded 204 in 0.1147 ms
2026-02-21 01:49:25.188 +06:00 [INF] HTTP PUT /api/v1/settings responded 200 in 129.9188 ms
2026-02-21 01:49:29.617 +06:00 [INF] HTTP OPTIONS /api/v1/universities/all responded 204 in 0.1589 ms
2026-02-21 01:49:29.617 +06:00 [INF] HTTP OPTIONS /api/v1/universities/all responded 204 in 0.0506 ms
2026-02-21 01:49:29.672 +06:00 [INF] HTTP GET /api/v1/universities/all responded 200 in 52.0320 ms
2026-02-21 01:49:29.725 +06:00 [INF] HTTP GET /api/v1/universities/all responded 200 in 51.9488 ms
2026-02-21 01:49:32.646 +06:00 [INF] HTTP OPTIONS /api/v1/courses/all responded 204 in 0.1310 ms
2026-02-21 01:49:32.651 +06:00 [INF] HTTP OPTIONS /api/v1/courses/all responded 204 in 0.1151 ms
2026-02-21 01:49:32.702 +06:00 [INF] HTTP GET /api/v1/universities/all responded 200 in 52.0953 ms
2026-02-21 01:49:32.704 +06:00 [INF] HTTP GET /api/v1/courses/all responded 200 in 51.6537 ms
2026-02-21 01:49:32.755 +06:00 [INF] HTTP GET /api/v1/universities/all responded 200 in 52.6023 ms
2026-02-21 01:49:32.757 +06:00 [INF] HTTP GET /api/v1/courses/all responded 200 in 51.7820 ms
2026-02-21 01:49:33.680 +06:00 [INF] HTTP OPTIONS /api/v1/services/all responded 204 in 0.1268 ms
2026-02-21 01:49:33.680 +06:00 [INF] HTTP OPTIONS /api/v1/services/all responded 204 in 0.0637 ms
2026-02-21 01:49:33.743 +06:00 [INF] HTTP GET /api/v1/services/all responded 200 in 60.0276 ms
2026-02-21 01:49:33.797 +06:00 [INF] HTTP GET /api/v1/services/all responded 200 in 53.3766 ms
2026-02-21 01:49:35.081 +06:00 [INF] HTTP OPTIONS /api/v1/universities/all responded 204 in 0.1275 ms
2026-02-21 01:49:35.082 +06:00 [INF] HTTP OPTIONS /api/v1/students responded 204 in 0.0716 ms
2026-02-21 01:49:35.082 +06:00 [INF] HTTP OPTIONS /api/v1/students/contacts responded 204 in 0.0603 ms
2026-02-21 01:49:35.083 +06:00 [INF] HTTP OPTIONS /api/v1/universities/all responded 204 in 0.0593 ms
2026-02-21 01:49:35.083 +06:00 [INF] HTTP OPTIONS /api/v1/students/contacts responded 204 in 0.0414 ms
2026-02-21 01:49:35.083 +06:00 [INF] HTTP OPTIONS /api/v1/students responded 204 in 0.0369 ms
2026-02-21 01:49:35.147 +06:00 [INF] HTTP GET /api/v1/universities/all responded 200 in 60.0029 ms
2026-02-21 01:49:35.148 +06:00 [INF] HTTP GET /api/v1/courses/all responded 200 in 63.4563 ms
2026-02-21 01:49:35.210 +06:00 [INF] HTTP GET /api/v1/students responded 200 in 122.0293 ms
2026-02-21 01:49:35.212 +06:00 [INF] HTTP GET /api/v1/courses/all responded 200 in 63.0820 ms
2026-02-21 01:49:35.213 +06:00 [INF] HTTP GET /api/v1/universities/all responded 200 in 64.7488 ms
2026-02-21 01:49:35.310 +06:00 [INF] HTTP GET /api/v1/students responded 200 in 99.2175 ms
2026-02-21 01:49:35.485 +06:00 [INF] HTTP GET /api/v1/students/contacts responded 200 in 395.3095 ms
2026-02-21 01:49:35.588 +06:00 [INF] HTTP GET /api/v1/students/contacts responded 200 in 101.9619 ms
2026-02-21 01:49:36.005 +06:00 [INF] HTTP OPTIONS /api/v1/students responded 204 in 0.1367 ms
2026-02-21 01:49:36.007 +06:00 [INF] HTTP OPTIONS /api/v1/students responded 204 in 0.1041 ms
2026-02-21 01:49:36.007 +06:00 [INF] HTTP OPTIONS /api/v1/students/contacts responded 204 in 0.0498 ms
2026-02-21 01:49:36.113 +06:00 [INF] HTTP GET /api/v1/students/contacts responded 200 in 101.2329 ms
2026-02-21 01:49:36.114 +06:00 [INF] HTTP GET /api/v1/students responded 200 in 103.2465 ms
2026-02-21 01:49:36.219 +06:00 [INF] HTTP GET /api/v1/students responded 200 in 103.8837 ms
2026-02-21 01:49:37.952 +06:00 [INF] HTTP GET /api/v1/students responded 200 in 101.7121 ms
2026-02-21 01:49:38.329 +06:00 [INF] HTTP GET /api/v1/students/contacts responded 200 in 103.0705 ms
2026-02-21 01:49:47.306 +06:00 [INF] HTTP OPTIONS /api/v1/universities/all responded 204 in 0.1206 ms
2026-02-21 01:49:47.307 +06:00 [INF] HTTP OPTIONS /api/v1/courses/all responded 204 in 0.0769 ms
2026-02-21 01:49:47.307 +06:00 [INF] HTTP OPTIONS /api/v1/students responded 204 in 0.0377 ms
2026-02-21 01:49:47.307 +06:00 [INF] HTTP OPTIONS /api/v1/students/contacts responded 204 in 0.0270 ms
2026-02-21 01:49:47.307 +06:00 [INF] HTTP OPTIONS /api/v1/universities/all responded 204 in 0.0455 ms
2026-02-21 01:49:47.308 +06:00 [INF] HTTP OPTIONS /api/v1/courses/all responded 204 in 0.0271 ms
2026-02-21 01:49:47.309 +06:00 [INF] HTTP OPTIONS /api/v1/students responded 204 in 0.0442 ms
2026-02-21 01:49:47.310 +06:00 [INF] HTTP OPTIONS /api/v1/students/contacts responded 204 in 0.1076 ms
2026-02-21 01:49:47.362 +06:00 [INF] HTTP GET /api/v1/courses/all responded 200 in 49.6691 ms
2026-02-21 01:49:47.363 +06:00 [INF] HTTP GET /api/v1/universities/all responded 200 in 51.3432 ms
2026-02-21 01:49:47.413 +06:00 [INF] HTTP GET /api/v1/universities/all responded 200 in 49.4383 ms
2026-02-21 01:49:47.414 +06:00 [INF] HTTP GET /api/v1/courses/all responded 200 in 50.9425 ms
2026-02-21 01:49:47.414 +06:00 [INF] HTTP GET /api/v1/students responded 200 in 100.7919 ms
2026-02-21 01:49:47.417 +06:00 [INF] HTTP GET /api/v1/students/contacts responded 200 in 102.1203 ms
2026-02-21 01:49:47.518 +06:00 [INF] HTTP GET /api/v1/students responded 200 in 102.2704 ms
2026-02-21 01:49:47.518 +06:00 [INF] HTTP GET /api/v1/students/contacts responded 200 in 100.0625 ms
2026-02-21 01:50:38.280 +06:00 [INF] HTTP OPTIONS /api/v1/settings responded 204 in 0.1285 ms
2026-02-21 01:50:38.280 +06:00 [INF] HTTP OPTIONS /api/v1/settings responded 204 in 0.3326 ms
2026-02-21 01:50:38.335 +06:00 [INF] HTTP GET /api/v1/settings responded 200 in 51.8935 ms
2026-02-21 01:50:38.395 +06:00 [INF] HTTP GET /api/v1/settings responded 200 in 58.2394 ms
2026-02-21 01:50:40.074 +06:00 [INF] HTTP OPTIONS /api/v1/universities responded 204 in 0.1683 ms
2026-02-21 01:50:40.074 +06:00 [INF] HTTP OPTIONS /api/v1/universities responded 204 in 0.0422 ms
2026-02-21 01:50:40.126 +06:00 [INF] HTTP GET /api/v1/settings responded 200 in 51.9133 ms
2026-02-21 01:50:40.129 +06:00 [INF] HTTP GET /api/v1/universities responded 200 in 51.6012 ms
2026-02-21 01:50:40.182 +06:00 [INF] HTTP GET /api/v1/settings responded 200 in 54.0137 ms
2026-02-21 19:14:03.775 +06:00 [INF] Seed admin user credentials updated for: hikmahabroad@gmail.com
2026-02-21 19:14:04.227 +06:00 [INF] Seed data completed
2026-02-21 19:15:15.606 +06:00 [INF] HTTP OPTIONS /api/v1/settings responded 204 in 14.3827 ms
2026-02-21 19:15:15.606 +06:00 [INF] HTTP OPTIONS /api/v1/universities responded 204 in 14.3714 ms
2026-02-21 19:15:15.606 +06:00 [INF] HTTP OPTIONS /api/v1/universities responded 204 in 14.3627 ms
2026-02-21 19:15:15.606 +06:00 [INF] HTTP OPTIONS /api/v1/settings responded 204 in 14.3643 ms
2026-02-21 19:15:15.606 +06:00 [INF] HTTP OPTIONS /api/v1/settings responded 204 in 14.3670 ms
2026-02-21 19:15:15.606 +06:00 [INF] HTTP OPTIONS /api/v1/settings responded 204 in 14.3862 ms
2026-02-21 19:15:15.911 +06:00 [INF] HTTP GET /api/v1/settings responded 200 in 286.6033 ms
2026-02-21 19:15:15.968 +06:00 [INF] HTTP GET /api/v1/settings responded 200 in 58.4273 ms
2026-02-21 19:15:16.022 +06:00 [INF] HTTP GET /api/v1/settings responded 200 in 53.0999 ms
2026-02-21 19:15:16.077 +06:00 [INF] HTTP GET /api/v1/settings responded 200 in 53.6332 ms
2026-02-21 19:15:16.311 +06:00 [INF] HTTP GET /api/v1/universities responded 200 in 687.1235 ms
2026-02-21 19:15:17.155 +06:00 [INF] HTTP GET /swagger responded 301 in 0.6252 ms
2026-02-21 19:15:17.282 +06:00 [INF] HTTP GET /swagger/index.html responded 200 in 120.9605 ms
2026-02-21 19:15:17.314 +06:00 [INF] HTTP GET /swagger/index.js responded 200 in 6.5342 ms
2026-02-21 19:15:17.545 +06:00 [INF] HTTP GET /swagger/v1/swagger.json responded 200 in 132.2626 ms
2026-02-21 19:42:43.363 +06:00 [INF] HTTP OPTIONS /api/v1/settings responded 204 in 0.1455 ms
2026-02-21 19:42:43.363 +06:00 [INF] HTTP OPTIONS /api/v1/settings responded 204 in 0.5764 ms
2026-02-21 19:42:43.363 +06:00 [INF] HTTP OPTIONS /api/v1/universities responded 204 in 0.5763 ms
2026-02-21 19:42:43.365 +06:00 [INF] HTTP OPTIONS /api/v1/settings responded 204 in 0.1450 ms
2026-02-21 19:42:43.366 +06:00 [INF] HTTP OPTIONS /api/v1/universities responded 204 in 0.0938 ms
2026-02-21 19:42:43.366 +06:00 [INF] HTTP OPTIONS /api/v1/settings responded 204 in 0.0613 ms
2026-02-21 19:42:43.816 +06:00 [INF] HTTP GET /api/v1/settings responded 200 in 447.2884 ms
2026-02-21 19:42:43.838 +06:00 [INF] HTTP GET /api/v1/universities responded 200 in 466.4592 ms
2026-02-21 19:42:43.874 +06:00 [INF] HTTP GET /api/v1/settings responded 200 in 55.8341 ms
2026-02-21 19:42:43.932 +06:00 [INF] HTTP GET /api/v1/settings responded 200 in 56.5982 ms
2026-02-21 19:42:43.986 +06:00 [INF] HTTP GET /api/v1/settings responded 200 in 53.2713 ms
2026-02-21 19:58:11.719 +06:00 [INF] HTTP OPTIONS /api/v1/settings responded 204 in 0.4697 ms
2026-02-21 19:58:11.719 +06:00 [INF] HTTP OPTIONS /api/v1/settings responded 204 in 0.4689 ms
2026-02-21 19:58:12.140 +06:00 [INF] HTTP GET /api/v1/settings responded 200 in 414.8388 ms
2026-02-21 19:58:12.190 +06:00 [INF] HTTP GET /api/v1/settings responded 200 in 49.6679 ms
2026-02-21 19:58:12.405 +06:00 [INF] HTTP OPTIONS /api/v1/universities responded 204 in 0.2437 ms
2026-02-21 19:58:12.408 +06:00 [INF] HTTP OPTIONS /api/v1/universities responded 204 in 0.1299 ms
2026-02-21 19:58:12.457 +06:00 [INF] HTTP GET /api/v1/settings responded 200 in 52.7418 ms
2026-02-21 19:58:12.510 +06:00 [INF] HTTP GET /api/v1/settings responded 200 in 51.8235 ms
2026-02-21 19:58:12.770 +06:00 [INF] HTTP GET /api/v1/universities responded 200 in 361.7085 ms
2026-02-21 19:58:17.023 +06:00 [INF] HTTP OPTIONS /api/v1/settings responded 204 in 0.4080 ms
2026-02-21 19:58:17.024 +06:00 [INF] HTTP OPTIONS /api/v1/settings responded 204 in 0.0906 ms
2026-02-21 19:58:17.083 +06:00 [INF] HTTP GET /api/v1/settings responded 200 in 55.9819 ms
2026-02-21 19:58:17.140 +06:00 [INF] HTTP GET /api/v1/settings responded 200 in 55.8442 ms
2026-02-21 19:58:26.671 +06:00 [INF] HTTP OPTIONS /api/v1/universities responded 204 in 0.1837 ms
2026-02-21 19:58:26.671 +06:00 [INF] HTTP OPTIONS /api/v1/settings responded 204 in 0.1014 ms
2026-02-21 19:58:26.672 +06:00 [INF] HTTP OPTIONS /api/v1/universities responded 204 in 0.1006 ms
2026-02-21 19:58:26.674 +06:00 [INF] HTTP OPTIONS /api/v1/settings responded 204 in 0.1113 ms
2026-02-21 19:58:26.733 +06:00 [INF] HTTP GET /api/v1/settings responded 200 in 57.0550 ms
2026-02-21 19:58:26.792 +06:00 [INF] HTTP GET /api/v1/settings responded 200 in 56.7652 ms
2026-02-21 19:59:08.468 +06:00 [INF] HTTP OPTIONS /api/v1/universities responded 204 in 0.2104 ms
2026-02-21 19:59:08.468 +06:00 [INF] HTTP OPTIONS /api/v1/settings responded 204 in 0.2104 ms
2026-02-21 19:59:08.470 +06:00 [INF] HTTP OPTIONS /api/v1/settings responded 204 in 0.1720 ms
2026-02-21 19:59:08.470 +06:00 [INF] HTTP OPTIONS /api/v1/universities responded 204 in 0.0380 ms
2026-02-21 19:59:08.529 +06:00 [INF] HTTP GET /api/v1/settings responded 200 in 53.2953 ms
2026-02-21 19:59:08.588 +06:00 [INF] HTTP GET /api/v1/settings responded 200 in 55.6363 ms
2026-02-21 19:59:49.256 +06:00 [INF] HTTP OPTIONS /api/v1/universities responded 204 in 0.1383 ms
2026-02-21 19:59:49.256 +06:00 [INF] HTTP OPTIONS /api/v1/settings responded 204 in 0.0732 ms
2026-02-21 19:59:49.258 +06:00 [INF] HTTP OPTIONS /api/v1/universities responded 204 in 0.0984 ms
2026-02-21 19:59:49.258 +06:00 [INF] HTTP OPTIONS /api/v1/settings responded 204 in 0.0583 ms
2026-02-21 19:59:49.312 +06:00 [INF] HTTP GET /api/v1/settings responded 200 in 52.2846 ms
2026-02-21 19:59:49.316 +06:00 [INF] HTTP GET /api/v1/universities responded 200 in 56.8012 ms
2026-02-21 19:59:49.369 +06:00 [INF] HTTP GET /api/v1/settings responded 200 in 54.2875 ms
2026-02-21 20:05:02.175 +06:00 [INF] HTTP OPTIONS /api/v1/universities responded 204 in 0.1880 ms
2026-02-21 20:05:02.237 +06:00 [INF] HTTP GET /api/v1/universities responded 200 in 56.2656 ms
2026-02-21 20:05:12.479 +06:00 [INF] HTTP OPTIONS /api/v1/courses responded 204 in 0.1449 ms
2026-02-21 20:05:12.482 +06:00 [INF] HTTP OPTIONS /api/v1/courses responded 204 in 0.2210 ms
2026-02-21 20:05:12.596 +06:00 [INF] HTTP GET /api/v1/courses responded 200 in 111.5667 ms
2026-02-21 20:05:30.800 +06:00 [INF] HTTP OPTIONS /api/v1/courses responded 204 in 0.3124 ms
